0 verbose cli /opt/homebrew/Cellar/node/24.6.0/bin/node /opt/homebrew/bin/npm
1 info using npm@11.5.1
2 info using node@v24.6.0
3 silly config load:file:/opt/homebrew/lib/node_modules/npm/npmrc
4 silly config load:file:/Users/ulisescanomartinez/Downloads/projects/ReadQR/.npmrc
5 silly config load:file:/Users/ulisescanomartinez/.npmrc
6 silly config load:file:/opt/homebrew/etc/npmrc
7 verbose title npm run start
8 verbose argv "run" "start" "--cache" "--clear"
9 verbose logfile logs-max:10 dir:/Users/ulisescanomartinez/Downloads/projects/ReadQR/--clear/_logs/2025-09-18T03_23_28_151Z-
10 verbose logfile /Users/ulisescanomartinez/Downloads/projects/ReadQR/--clear/_logs/2025-09-18T03_23_28_151Z-debug-0.log
11 silly logfile done cleaning log files
12 http fetch GET 200 https://registry.npmjs.org/npm 2439ms
13 verbose cwd /Users/ulisescanomartinez/Downloads/projects/ReadQR
14 verbose os Darwin 24.5.0
15 verbose node v24.6.0
16 verbose npm  v11.5.1
17 notice
17 notice New [33mminor[39m version of npm available! [33m11.5.1[39m -> [34m11.6.0[39m
17 notice Changelog: [34mhttps://github.com/npm/cli/releases/tag/v11.6.0[39m
17 notice To update run: [4mnpm install -g npm@11.6.0[24m
17 notice  { force: true, Symbol(proc-log.meta): true }
18 verbose exit 0
19 info ok
